Arguments: 
  /home/linuxbrew/.linuxbrew/Cellar/node/12.1.0/bin/node /home/linuxbrew/.linuxbrew/Cellar/yarn/1.16.0/libexec/bin/yarn.js test

PATH: 
  /home/rasmus/Projects/deno-ioc/node_modules/.bin:/home/linuxbrew/.linuxbrew/bin:/home/linuxbrew/.linuxbrew/sbin:/home/rasmus/.local/bin:/home/rasmus/.nvm/versions/node/v12.0.0/bin:/home/rasmus/.cargo/bin:/home/rasmus/.cargo/bin:/home/rasmus/.local/bin:/usr/local/sbin:/usr/local/bin:/usr/sbin:/usr/bin:/sbin:/bin:/usr/games:/usr/local/games:/snap/bin

Yarn version: 
  1.16.0

Node version: 
  12.1.0

Platform: 
  linux x64

Trace: 
  SyntaxError: /home/rasmus/Projects/deno-ioc/package.json: Unexpected token } in JSON at position 286
      at JSON.parse (<anonymous>)
      at /home/linuxbrew/.linuxbrew/Cellar/yarn/1.16.0/libexec/lib/cli.js:1625:59
      at Generator.next (<anonymous>)
      at step (/home/linuxbrew/.linuxbrew/Cellar/yarn/1.16.0/libexec/lib/cli.js:304:30)
      at /home/linuxbrew/.linuxbrew/Cellar/yarn/1.16.0/libexec/lib/cli.js:315:13

npm manifest: 
  {
    "name": "deno-ioc",
    "version": "1.0.0",
    "main": "index.js",
    "author": "Rasmus Vermeulen <vermeulen.rasmus@gmail.com>",
    "license": "MIT",
    "scripts": {
      "test": "deno test --config tsconfig.json --importmap import_map.json test/*.test.ts",
      "start": "deno run -- ",
    }
  }

yarn manifest: 
  No manifest

Lockfile: 
  No lockfile
